[02:53:03] [main/INFO]: Loading Minecraft 1.21 with Fabric Loader 0.16.0
[02:53:04] [main/WARN]: Warnings were found!
 - Mod 'Forge Config API Port' (forgeconfigapiport) 21.0.7 recommends any version of modmenu, which is missing!
	 - You should install any version of modmenu for the optimal experience.
[02:53:04] [main/INFO]: Loading 53 mods:
	- carryon 2.2.1
	- fabric-api 0.100.8+1.21
	   |-- fabric-api-base 0.4.42+6573ed8cd1
	   |-- fabric-api-lookup-api-v1 1.6.67+b5597344d1
	   |-- fabric-biome-api-v1 13.0.29+5bd9f1bcd1
	   |-- fabric-block-api-v1 1.0.22+0af3f5a7d1
	   |-- fabric-block-view-api-v2 1.0.10+6573ed8cd1
	   |-- fabric-blockrenderlayer-v1 1.1.52+0af3f5a7d1
	   |-- fabric-client-tags-api-v1 1.1.15+6573ed8cd1
	   |-- fabric-command-api-v1 1.2.49+f71b366fd1
	   |-- fabric-command-api-v2 2.2.28+6ced4dd9d1
	   |-- fabric-commands-v0 0.2.66+df3654b3d1
	   |-- fabric-content-registries-v0 8.0.15+b5597344d1
	   |-- fabric-convention-tags-v1 2.0.18+7f945d5bd1
	   |-- fabric-convention-tags-v2 2.4.2+c111832ad1
	   |-- fabric-crash-report-info-v1 0.2.29+0af3f5a7d1
	   |-- fabric-data-attachment-api-v1 1.1.25+6a6dfa19d1
	   |-- fabric-data-generation-api-v1 20.2.13+16c4ae25d1
	   |-- fabric-dimensions-v1 4.0.0+6fc22b99d1
	   |-- fabric-entity-events-v1 1.6.12+6fc22b99d1
	   |-- fabric-events-interaction-v0 0.7.10+e633f883d1
	   |-- fabric-game-rule-api-v1 1.0.53+6ced4dd9d1
	   |-- fabric-item-api-v1 11.0.0+afdfc921d1
	   |-- fabric-item-group-api-v1 4.1.3+78017270d1
	   |-- fabric-key-binding-api-v1 1.0.47+0af3f5a7d1
	   |-- fabric-keybindings-v0 0.2.45+df3654b3d1
	   |-- fabric-lifecycle-events-v1 2.3.11+8f3583aed1
	   |-- fabric-loot-api-v2 3.0.13+3f89f5a5d1
	   |-- fabric-loot-api-v3 1.0.1+3f89f5a5d1
	   |-- fabric-message-api-v1 6.0.13+6573ed8cd1
	   |-- fabric-model-loading-api-v1 2.0.0+fe474d6bd1
	   |-- fabric-networking-api-v1 4.2.0+ab7edbacd1
	   |-- fabric-object-builder-api-v1 15.1.13+d1321076d1
	   |-- fabric-particles-v1 4.0.2+6573ed8cd1
	   |-- fabric-recipe-api-v1 5.0.10+65089712d1
	   |-- fabric-registry-sync-v0 5.0.26+a5d66753d1
	   |-- fabric-renderer-api-v1 3.3.0+0ae0b97dd1
	   |-- fabric-renderer-indigo 1.6.5+48fb1586d1
	   |-- fabric-renderer-registries-v1 3.2.68+df3654b3d1
	   |-- fabric-rendering-data-attachment-v1 0.3.48+73761d2ed1
	   |-- fabric-rendering-fluids-v1 3.1.6+b5597344d1
	   |-- fabric-rendering-v0 1.1.71+df3654b3d1
	   |-- fabric-rendering-v1 5.0.5+df16efd0d1
	   |-- fabric-resource-conditions-api-v1 4.2.1+d153f344d1
	   |-- fabric-resource-loader-v0 1.2.0+7e687b32d1
	   |-- fabric-screen-api-v1 2.0.24+b5597344d1
	   |-- fabric-screen-handler-api-v1 1.3.83+b5597344d1
	   |-- fabric-sound-api-v1 1.0.23+6573ed8cd1
	   |-- fabric-transfer-api-v1 5.1.15+3dccd343d1
	   \-- fabric-transitive-access-wideners-v1 6.0.12+6573ed8cd1
	- fabricloader 0.16.0
	   \-- mixinextras 0.4.0
	- forgeconfigapiport 21.0.7
	   |-- com_electronwill_night-config_core 3.8.0
	   \-- com_electronwill_night-config_toml 3.8.0
	- java 21
	- minecraft 1.21
	- mr_tidal_towns 1.3.2
	- nullscape 1.2.7
	- puzzleslib 21.0.18
	- retraining 2.0.0
	- simple_backpack 1.6.8
	   \-- blue_endless_jankson 1.2.3
	- structory 1.3.5
	- tradingpost 21.0.1
[02:53:04] [main/INFO]: SpongePowered MIXIN Subsystem Version=0.8.7 Source=file:/workspaces/MSP/servidor_minecraft/libraries/net/fabricmc/sponge-mixin/0.15.0+mixin.0.8.7/sponge-mixin-0.15.0+mixin.0.8.7.jar Service=Knot/Fabric Env=SERVER
[02:53:04] [main/INFO]: Compatibility level set to JAVA_21
[02:53:04] [main/WARN]: Reference map 'forgeconfigapiport.common.refmap.json' for forgeconfigapiport.common.mixins.json could not be read. If this is a development environment you can ignore this message
[02:53:04] [main/WARN]: Reference map 'tradingpost.fabric.refmap.json' for tradingpost.fabric.mixins.json could not be read. If this is a development environment you can ignore this message
[02:53:05] [main/INFO]: Initializing MixinExtras via com.llamalad7.mixinextras.service.MixinExtrasServiceImpl(version=0.4.0).
[02:53:12] [main/INFO]: Constructing common components for puzzleslib:main
[02:53:12] [main/OFF]: simple_backpack config settings json5 found
[02:53:12] [main/INFO]: Constructing common components for tradingpost:main
[02:53:12] [main/INFO]: Environment: Environment[sessionHost=https://sessionserver.mojang.com, servicesHost=https://api.minecraftservices.com, name=PROD]
[02:53:15] [main/INFO]: Loaded 1294 recipes
[02:53:15] [main/INFO]: Loaded 1401 advancements
[02:53:15] [main/INFO]: Applied 0 biome modifications to 0 of 67 new biomes in 1.621 ms
[02:53:15] [Server thread/INFO]: Dispatching loading event for config at tradingpost-server.toml
[02:53:15] [Server thread/INFO]: Starting minecraft server version 1.21
[02:53:15] [Server thread/INFO]: Loading properties
[02:53:15] [Server thread/INFO]: Default game type: SURVIVAL
[02:53:15] [Server thread/INFO]: Generating keypair
[02:53:15] [Server thread/INFO]: Starting Minecraft server on *:25565
[02:53:16] [Server thread/INFO]: Using epoll channel type
[02:53:16] [Server thread/WARN]: **** SERVER IS RUNNING IN OFFLINE/INSECURE MODE!
[02:53:16] [Server thread/WARN]: The server will make no attempt to authenticate usernames. Beware.
[02:53:16] [Server thread/WARN]: While this makes the game possible to play without internet access, it also opens up the ability for hackers to connect with any username they choose.
[02:53:16] [Server thread/WARN]: To change this, set "online-mode" to "true" in the server.properties file.
[02:53:16] [Server thread/INFO]: Preparing level "world"
[02:53:18] [Server thread/INFO]: Preparing start region for dimension minecraft:overworld
[02:53:19] [Worker-Main-1/INFO]: Preparing spawn area: 0%
[02:53:19] [Worker-Main-2/INFO]: Preparing spawn area: 55%
[02:53:19] [Server thread/INFO]: Time elapsed: 670 ms
[02:53:19] [Server thread/INFO]: Done (3.234s)! For help, type "help"
[02:53:31] [Server thread/INFO]: MarceX[/[0:0:0:0:0:0:0:1%0]:45586] logged in with entity id 31 at (80.92835058977911, 58.0, -8.783072905374354)
[02:53:31] [Server thread/INFO]: MarceX joined the game
[02:53:33] [Server thread/INFO]: _jose_diaz_[/[0:0:0:0:0:0:0:1%0]:45596] logged in with entity id 183 at (79.99081574838553, 58.0, -6.187251662720589)
[02:53:33] [Server thread/INFO]: _jose_diaz_ joined the game
[02:56:54] [Server thread/INFO]: [_jose_diaz_: Teleported MarceX to _jose_diaz_]
[02:57:44] [Server thread/INFO]: _jose_diaz_ was killed
[02:57:44] [Server thread/INFO]: [_jose_diaz_: Killed _jose_diaz_]
[03:01:09] [Server thread/INFO]: [MarceX: Teleported MarceX to _jose_diaz_]
[03:03:43] [Server thread/INFO]: [MarceX: Gave 4 [Gray Wool] to MarceX]
